INFO:2018-12-29 21:33:30,125:abl.webconnector.main:Start
INFO:2018-12-29 21:33:30,126:abl.webconnector.main:Cleanup event logs.
INFO:2018-12-29 21:33:35,131:abl.webconnector.main:Upload info.
INFO:2018-12-29 21:33:35,137:abl.webconnector.auto_updates:Checking for auto updates from 10.0.2
INFO:2018-12-29 21:33:36,540:abl.webconnector.auto_updates:Found update to 10.0.3
INFO:2018-12-29 21:33:36,541:abl.webconnector.tasks:Retrieving delta ableton_live_suite_10.0.3_from_10.0.2_osx_64.asu
INFO:2018-12-29 21:34:00,157:abl.webconnector.main:Check for Updates interrupted by early Live termination
INFO:2018-12-29 21:34:00,157:abl.webconnector.main:End
INFO:2018-12-29 21:34:06,823:abl.webconnector.main:Start
INFO:2018-12-29 21:34:06,825:abl.webconnector.main:No internet connection available, aborting.
ERROR:2018-12-29 21:34:06,825:abl.webconnector.main:
INFO:2018-12-29 21:34:27,868:abl.webconnector.main:Start
INFO:2018-12-29 21:34:27,870:abl.webconnector.main:No internet connection available, aborting.
ERROR:2018-12-29 21:34:27,870:abl.webconnector.main:
INFO:2019-01-01 17:26:07,878:abl.webconnector.main:Start
INFO:2019-01-01 17:26:07,879:abl.webconnector.main:Cleanup event logs.
INFO:2019-01-01 17:26:12,884:abl.webconnector.main:Upload info.
INFO:2019-01-01 17:26:12,902:abl.webconnector.auto_updates:Checking for auto updates from 10.0.2
INFO:2019-01-01 17:26:14,100:abl.webconnector.auto_updates:Found update to 10.0.3
INFO:2019-01-01 17:26:14,102:abl.webconnector.tasks:Retrieving delta ableton_live_suite_10.0.3_from_10.0.2_osx_64.asu
INFO:2019-01-01 17:32:31,411:abl.webconnector.tasks:Delta retrieved, elapsed time: 377308ms
INFO:2019-01-01 17:32:31,412:abl.webconnector.tasks:Preparing auto-update tasks
INFO:2019-01-01 17:32:31,413:abl.webconnector.connector:Copy installation
INFO:2019-01-01 17:33:19,316:abl.webconnector.connector:Copy installation completed (47902 ms)
INFO:2019-01-01 17:33:19,318:abl.webconnector.connector:Update cloned installation
INFO:2019-01-01 17:33:29,876:abl.webconnector.connector:Update cloned installation completed (10557 ms)
INFO:2019-01-01 17:33:33,155:abl.webconnector.main:Waiting for Live to terminate
INFO:2019-01-01 17:34:33,337:abl.webconnector.connector:Invoking swapper to apply update
INFO:2019-01-01 17:34:33,373:abl.webconnector.main:End
INFO:2019-01-15 02:13:00,658:abl.webconnector.main:Start
INFO:2019-01-15 02:13:00,660:abl.webconnector.main:Cleanup event logs.
INFO:2019-01-15 02:13:05,663:abl.webconnector.main:Upload info.
INFO:2019-01-15 02:13:05,689:abl.webconnector.auto_updates:Checking for auto updates from 10.0.2
INFO:2019-01-15 02:13:06,472:abl.webconnector.auto_updates:Found update to 10.0.3
INFO:2019-01-15 02:13:06,474:abl.webconnector.tasks:Retrieving delta ableton_live_suite_10.0.3_from_10.0.2_osx_64.asu
INFO:2019-01-15 02:13:55,723:abl.webconnector.main:Check for Updates interrupted by early Live termination
INFO:2019-01-15 02:13:55,724:abl.webconnector.main:End
INFO:2019-01-15 09:56:51,949:abl.webconnector.main:Start
INFO:2019-01-15 09:56:51,951:abl.webconnector.main:Cleanup event logs.
INFO:2019-01-15 09:56:56,955:abl.webconnector.main:Upload info.
INFO:2019-01-15 09:56:56,974:abl.webconnector.auto_updates:Checking for auto updates from 10.0.2
INFO:2019-01-15 09:56:58,319:abl.webconnector.auto_updates:Found update to 10.0.3
INFO:2019-01-15 09:56:58,320:abl.webconnector.tasks:Retrieving delta ableton_live_suite_10.0.3_from_10.0.2_osx_64.asu
INFO:2019-01-15 09:57:01,975:abl.webconnector.main:Check for Updates interrupted by early Live termination
INFO:2019-01-15 09:57:01,975:abl.webconnector.main:End
INFO:2019-01-15 09:57:10,544:abl.webconnector.main:Start
INFO:2019-01-15 09:57:10,546:abl.webconnector.main:Cleanup event logs.
INFO:2019-01-15 09:57:15,547:abl.webconnector.main:Upload info.
INFO:2019-01-15 09:57:15,572:abl.webconnector.auto_updates:Checking for auto updates from 10.0.2
INFO:2019-01-15 09:57:15,572:abl.webconnector.main:Check for Updates interrupted by early Live termination
INFO:2019-01-15 09:57:15,574:abl.webconnector.main:End
INFO:2019-01-26 17:42:20,169:abl.webconnector.main:Start
INFO:2019-01-26 17:42:20,172:abl.webconnector.main:Cleanup event logs.
INFO:2019-01-26 17:42:25,176:abl.webconnector.main:Upload info.
INFO:2019-01-26 17:42:25,208:abl.webconnector.auto_updates:Checking for auto updates from 10.0.2
INFO:2019-01-26 17:42:25,802:abl.webconnector.auto_updates:Found update to 10.0.3
INFO:2019-01-26 17:42:25,804:abl.webconnector.tasks:Retrieving delta ableton_live_suite_10.0.3_from_10.0.2_osx_64.asu
INFO:2019-01-26 17:42:30,210:abl.webconnector.main:Check for Updates interrupted by early Live termination
INFO:2019-01-26 17:42:30,210:abl.webconnector.main:End
INFO:2019-01-26 21:38:10,093:abl.webconnector.main:Start
INFO:2019-01-26 21:38:10,094:abl.webconnector.main:Cleanup event logs.
INFO:2019-01-26 21:38:15,099:abl.webconnector.main:Upload info.
INFO:2019-01-26 21:38:15,134:abl.webconnector.auto_updates:Checking for auto updates from 10.0.2
INFO:2019-01-26 21:38:15,672:abl.webconnector.auto_updates:Found update to 10.0.3
INFO:2019-01-26 21:38:15,673:abl.webconnector.tasks:Retrieving delta ableton_live_suite_10.0.3_from_10.0.2_osx_64.asu
INFO:2019-01-26 21:38:55,160:abl.webconnector.main:Check for Updates interrupted by early Live termination
INFO:2019-01-26 21:38:55,161:abl.webconnector.main:End
INFO:2019-01-27 13:59:01,166:abl.webconnector.main:Start
INFO:2019-01-27 13:59:01,168:abl.webconnector.main:Cleanup event logs.
INFO:2019-01-27 13:59:06,171:abl.webconnector.main:Upload info.
INFO:2019-01-27 13:59:06,203:abl.webconnector.main:Check for Updates interrupted by early Live termination
INFO:2019-01-27 13:59:06,203:abl.webconnector.auto_updates:Checking for auto updates from 10.0.2
INFO:2019-01-27 13:59:06,203:abl.webconnector.main:End
INFO:2019-02-16 12:30:16,945:abl.webconnector.main:Start
INFO:2019-02-16 12:30:16,947:abl.webconnector.main:Cleanup event logs.
INFO:2019-02-16 12:30:21,952:abl.webconnector.main:Upload info.
INFO:2019-02-16 12:30:21,997:abl.webconnector.auto_updates:Checking for auto updates from 10.0.2
INFO:2019-02-16 12:30:22,552:abl.webconnector.auto_updates:Found update to 10.0.3
INFO:2019-02-16 12:30:22,559:abl.webconnector.tasks:Retrieving delta ableton_live_suite_10.0.3_from_10.0.2_osx_64.asu
INFO:2019-02-16 12:30:32,005:abl.webconnector.main:Check for Updates interrupted by early Live termination
INFO:2019-02-16 12:30:32,005:abl.webconnector.main:End
INFO:2019-02-16 14:16:34,765:abl.webconnector.main:Start
INFO:2019-02-16 14:16:34,767:abl.webconnector.main:Cleanup event logs.
INFO:2019-02-16 14:16:39,772:abl.webconnector.main:Upload info.
INFO:2019-02-16 14:16:39,815:abl.webconnector.auto_updates:Checking for auto updates from 10.0.2
INFO:2019-02-16 14:16:40,320:abl.webconnector.auto_updates:Found update to 10.0.3
INFO:2019-02-16 14:16:40,322:abl.webconnector.tasks:Retrieving delta ableton_live_suite_10.0.3_from_10.0.2_osx_64.asu
INFO:2019-02-16 14:16:54,823:abl.webconnector.main:Check for Updates interrupted by early Live termination
INFO:2019-02-16 14:16:54,823:abl.webconnector.main:End
INFO:2019-02-19 10:58:04,387:abl.webconnector.main:Start
INFO:2019-02-19 10:58:04,388:abl.webconnector.main:Cleanup event logs.
INFO:2019-02-19 10:58:09,393:abl.webconnector.main:Upload info.
INFO:2019-02-19 10:58:09,439:abl.webconnector.auto_updates:Checking for auto updates from 10.0.2
INFO:2019-02-19 10:58:10,211:abl.webconnector.auto_updates:Found update to 10.0.3
INFO:2019-02-19 10:58:10,212:abl.webconnector.tasks:Retrieving delta ableton_live_suite_10.0.3_from_10.0.2_osx_64.asu
INFO:2019-02-19 11:03:40,487:abl.webconnector.tasks:Delta retrieved, elapsed time: 330274ms
INFO:2019-02-19 11:03:40,491:abl.webconnector.tasks:Preparing auto-update tasks
INFO:2019-02-19 11:03:40,492:abl.webconnector.connector:Copy installation
INFO:2019-02-19 11:04:24,836:abl.webconnector.connector:Copy installation completed (44343 ms)
INFO:2019-02-19 11:04:24,842:abl.webconnector.connector:Update cloned installation
INFO:2019-02-19 11:04:34,104:abl.webconnector.connector:Update cloned installation completed (9261 ms)
INFO:2019-02-19 11:04:34,739:abl.webconnector.main:Waiting for Live to terminate
INFO:2019-02-19 11:07:54,597:abl.webconnector.connector:Invoking swapper to apply update
INFO:2019-02-19 11:07:54,623:abl.webconnector.main:End
INFO:2019-06-02 12:45:43,240:abl.webconnector.main:Start
INFO:2019-06-02 12:45:43,242:abl.webconnector.main:Cleanup event logs.
INFO:2019-06-02 12:45:48,245:abl.webconnector.main:Upload info.
INFO:2019-06-02 12:45:48,294:abl.webconnector.auto_updates:Checking for auto updates from 10.0.2
INFO:2019-06-02 12:45:53,437:abl.webconnector.auto_updates:Found update to 10.0.3
INFO:2019-06-02 12:45:53,439:abl.webconnector.tasks:Retrieving delta ableton_live_suite_10.0.3_from_10.0.2_osx_64.asu
INFO:2019-06-02 12:45:58,299:abl.webconnector.main:Check for Updates interrupted by early Live termination
INFO:2019-06-02 12:45:58,299:abl.webconnector.main:End
INFO:2019-06-04 10:01:23,283:abl.webconnector.main:Start
INFO:2019-06-04 10:01:23,285:abl.webconnector.main:Cleanup event logs.
INFO:2019-06-04 10:01:28,290:abl.webconnector.main:Upload info.
INFO:2019-06-04 10:01:28,344:abl.webconnector.auto_updates:Checking for auto updates from 10.0.2
INFO:2019-06-04 10:01:28,899:abl.webconnector.auto_updates:Found update to 10.0.3
INFO:2019-06-04 10:01:28,900:abl.webconnector.tasks:Retrieving delta ableton_live_suite_10.0.3_from_10.0.2_osx_64.asu
INFO:2019-06-04 10:04:40,915:abl.webconnector.tasks:Delta retrieved, elapsed time: 192014ms
INFO:2019-06-04 10:04:40,915:abl.webconnector.tasks:Preparing auto-update tasks
INFO:2019-06-04 10:04:40,916:abl.webconnector.connector:Copy installation
INFO:2019-06-04 10:05:26,196:abl.webconnector.connector:Copy installation completed (45279 ms)
INFO:2019-06-04 10:05:26,208:abl.webconnector.connector:Update cloned installation
INFO:2019-06-04 10:05:35,231:abl.webconnector.connector:Update cloned installation completed (9023 ms)
INFO:2019-06-04 10:05:38,503:abl.webconnector.main:Waiting for Live to terminate
INFO:2019-06-04 10:12:59,959:abl.webconnector.connector:Invoking swapper to apply update
INFO:2019-06-04 10:12:59,996:abl.webconnector.main:End
INFO:2019-06-04 10:24:42,141:abl.webconnector.main:Start
INFO:2019-06-04 10:24:42,143:abl.webconnector.main:Cleanup event logs.
INFO:2019-06-04 10:24:47,143:abl.webconnector.main:Upload info.
INFO:2019-06-04 10:24:47,196:abl.webconnector.auto_updates:Checking for auto updates from 10.0.2
INFO:2019-06-04 10:24:47,696:abl.webconnector.auto_updates:Found update to 10.0.3
INFO:2019-06-04 10:24:47,698:abl.webconnector.tasks:Retrieving delta ableton_live_suite_10.0.3_from_10.0.2_osx_64.asu
INFO:2019-06-04 10:25:12,208:abl.webconnector.main:Check for Updates interrupted by early Live termination
INFO:2019-06-04 10:25:12,209:abl.webconnector.main:End
